This is pdfTeX, Version 3.141592653-2.6-1.40.26 (TeX Live 2024) (preloaded format=pdflatex 2024.4.24)  10 OCT 2024 14:30
entering extended mode
 restricted \write18 enabled.
 file:line:error style messages enabled.
 %&-line parsing enabled.
**"/Users/luigivolpe/Desktop/Federico_Volpe/active projects/tesiCH/main.tex"
(/Users/luigivolpe/Desktop/Federico_Volpe/active projects/tesiCH/main.tex
LaTeX2e <2023-11-01> patch level 1
L3 programming layer <2024-02-20>
(/usr/local/texlive/2024/texmf-dist/tex/latex/base/report.cls
Document Class: report 2023/05/17 v1.4n Standard LaTeX document class
(/usr/local/texlive/2024/texmf-dist/tex/latex/base/size12.clo
File: size12.clo 2023/05/17 v1.4n Standard LaTeX file (size option)
)
\c@part=\count188
\c@chapter=\count189
\c@section=\count190
\c@subsection=\count191
\c@subsubsection=\count192
\c@paragraph=\count193
\c@subparagraph=\count194
\c@figure=\count195
\c@table=\count196
\abovecaptionskip=\skip48
\belowcaptionskip=\skip49
\bibindent=\dimen140
) (/usr/local/texlive/2024/texmf-dist/tex/latex/fancybox/fancybox.sty
Package: fancybox 2010/05/15 1.4

Style option: `fancybox' v1.4 <2010/05/15> (tvz)
\@fancybox=\box51
\shadowsize=\dimen141
\@Sbox=\box52
\do@VerbBox=\toks17
\the@fancyput=\toks18
\this@fancyput=\toks19
\EndVerbatimTokens=\toks20
\Verbatim@Outfile=\write3
\Verbatim@Infile=\read2
) (/usr/local/texlive/2024/texmf-dist/tex/latex/base/inputenc.sty
Package: inputenc 2021/02/14 v1.3d Input encoding file
\inpenc@prehook=\toks21
\inpenc@posthook=\toks22
) (/usr/local/texlive/2024/texmf-dist/tex/generic/babel/babel.sty
Package: babel 2024/02/07 v24.2 The Babel package
\babel@savecnt=\count197
\U@D=\dimen142
\l@unhyphenated=\language89
 (/usr/local/texlive/2024/texmf-dist/tex/generic/babel/txtbabel.def)
\bbl@readstream=\read3
\bbl@dirlevel=\count198
 (/usr/local/texlive/2024/texmf-dist/tex/generic/babel-english/english.ldf
Language: english 2017/06/06 v3.3r English support from the babel system
Package babel Info: Hyphen rules for 'canadian' set to \l@english
(babel)             (\language0). Reported on input line 102.
Package babel Info: Hyphen rules for 'australian' set to \l@ukenglish
(babel)             (\language23). Reported on input line 105.
Package babel Info: Hyphen rules for 'newzealand' set to \l@ukenglish
(babel)             (\language23). Reported on input line 108.
) (/usr/local/texlive/2024/texmf-dist/tex/generic/babel-italian/italian.ldf
Language: italian 2024/01/03 v.1.5.00 Italian support for the babel system
\it@lettering=\count199
\it@doublequoteactive=\count266
\it@ISOcompliance=\count267
)) (/usr/local/texlive/2024/texmf-dist/tex/generic/babel/locale/it/babel-italian.tex
Package babel Info: Importing font and identification data for italian
(babel)             from babel-it.ini. Reported on input line 11.
) (/usr/local/texlive/2024/texmf-dist/tex/generic/babel/locale/en/babel-english.tex
Package babel Info: Importing font and identification data for english
(babel)             from babel-en.ini. Reported on input line 11.
) (/usr/local/texlive/2024/texmf-dist/tex/latex/etoolbox/etoolbox.sty
Package: etoolbox 2020/10/05 v2.5k e-TeX tools for LaTeX (JAW)
\etb@tempcnta=\count268
) (/usr/local/texlive/2024/texmf-dist/tex/latex/url/url.sty
\Urlmuskip=\muskip16
Package: url 2013/09/16  ver 3.4  Verb mode for urls, etc.
) (/usr/local/texlive/2024/texmf-dist/tex/latex/hyperref/hyperref.sty
Package: hyperref 2024-01-20 v7.01h Hypertext links for LaTeX
 (/usr/local/texlive/2024/texmf-dist/tex/generic/iftex/iftex.sty
Package: iftex 2022/02/03 v1.0f TeX engine tests
) (/usr/local/texlive/2024/texmf-dist/tex/latex/graphics/keyval.sty
Package: keyval 2022/05/29 v1.15 key=value parser (DPC)
\KV@toks@=\toks23
) (/usr/local/texlive/2024/texmf-dist/tex/latex/kvsetkeys/kvsetkeys.sty
Package: kvsetkeys 2022-10-05 v1.19 Key value parser (HO)
) (/usr/local/texlive/2024/texmf-dist/tex/generic/kvdefinekeys/kvdefinekeys.sty
Package: kvdefinekeys 2019-12-19 v1.6 Define keys (HO)
) (/usr/local/texlive/2024/texmf-dist/tex/generic/pdfescape/pdfescape.sty
Package: pdfescape 2019/12/09 v1.15 Implements pdfTeX's escape features (HO)
 (/usr/local/texlive/2024/texmf-dist/tex/generic/ltxcmds/ltxcmds.sty
Package: ltxcmds 2023-12-04 v1.26 LaTeX kernel commands for general use (HO)
) (/usr/local/texlive/2024/texmf-dist/tex/generic/pdftexcmds/pdftexcmds.sty
Package: pdftexcmds 2020-06-27 v0.33 Utility functions of pdfTeX for LuaTeX (HO)
 (/usr/local/texlive/2024/texmf-dist/tex/generic/infwarerr/infwarerr.sty
Package: infwarerr 2019/12/03 v1.5 Providing info/warning/error messages (HO)
)
Package pdftexcmds Info: \pdf@primitive is available.
Package pdftexcmds Info: \pdf@ifprimitive is available.
Package pdftexcmds Info: \pdfdraftmode found.
)) (/usr/local/texlive/2024/texmf-dist/tex/latex/hycolor/hycolor.sty
Package: hycolor 2020-01-27 v1.10 Color options for hyperref/bookmark (HO)
) (/usr/local/texlive/2024/texmf-dist/tex/latex/auxhook/auxhook.sty
Package: auxhook 2019-12-17 v1.6 Hooks for auxiliary files (HO)
) (/usr/local/texlive/2024/texmf-dist/tex/latex/hyperref/nameref.sty
Package: nameref 2023-11-26 v2.56 Cross-referencing by name of section
 (/usr/local/texlive/2024/texmf-dist/tex/latex/refcount/refcount.sty
Package: refcount 2019/12/15 v3.6 Data extraction from label references (HO)
) (/usr/local/texlive/2024/texmf-dist/tex/generic/gettitlestring/gettitlestring.sty
Package: gettitlestring 2019/12/15 v1.6 Cleanup title references (HO)
 (/usr/local/texlive/2024/texmf-dist/tex/latex/kvoptions/kvoptions.sty
Package: kvoptions 2022-06-15 v3.15 Key value format for package options (HO)
))
\c@section@level=\count269
)
\@linkdim=\dimen143
\Hy@linkcounter=\count270
\Hy@pagecounter=\count271
 (/usr/local/texlive/2024/texmf-dist/tex/latex/hyperref/pd1enc.def
File: pd1enc.def 2024-01-20 v7.01h Hyperref: PDFDocEncoding definition (HO)
Now handling font encoding PD1 ...
... no UTF-8 mapping file for font encoding PD1
) (/usr/local/texlive/2024/texmf-dist/tex/generic/intcalc/intcalc.sty
Package: intcalc 2019/12/15 v1.3 Expandable calculations with integers (HO)
)
\Hy@SavedSpaceFactor=\count272
 (/usr/local/texlive/2024/texmf-dist/tex/latex/hyperref/puenc.def
File: puenc.def 2024-01-20 v7.01h Hyperref: PDF Unicode definition (HO)
Now handling font encoding PU ...
... no UTF-8 mapping file for font encoding PU
)
Package hyperref Info: Hyper figures OFF on input line 4179.
Package hyperref Info: Link nesting OFF on input line 4184.
Package hyperref Info: Hyper index ON on input line 4187.
Package hyperref Info: Plain pages OFF on input line 4194.
Package hyperref Info: Backreferencing OFF on input line 4199.
Package hyperref Info: Implicit mode ON; LaTeX internals redefined.
Package hyperref Info: Bookmarks ON on input line 4446.
\c@Hy@tempcnt=\count273
LaTeX Info: Redefining \url on input line 4784.
\XeTeXLinkMargin=\dimen144
 (/usr/local/texlive/2024/texmf-dist/tex/generic/bitset/bitset.sty
Package: bitset 2019/12/09 v1.3 Handle bit-vector datatype (HO)
 (/usr/local/texlive/2024/texmf-dist/tex/generic/bigintcalc/bigintcalc.sty
Package: bigintcalc 2019/12/15 v1.5 Expandable calculations on big integers (HO)
))
\Fld@menulength=\count274
\Field@Width=\dimen145
\Fld@charsize=\dimen146
Package hyperref Info: Hyper figures OFF on input line 6063.
Package hyperref Info: Link nesting OFF on input line 6068.
Package hyperref Info: Hyper index ON on input line 6071.
Package hyperref Info: backreferencing OFF on input line 6078.
Package hyperref Info: Link coloring OFF on input line 6083.
Package hyperref Info: Link coloring with OCG OFF on input line 6088.
Package hyperref Info: PDF/A mode OFF on input line 6093.
 (/usr/local/texlive/2024/texmf-dist/tex/latex/base/atbegshi-ltx.sty
Package: atbegshi-ltx 2021/01/10 v1.0c Emulation of the original atbegshi
package with kernel methods
)
\Hy@abspage=\count275
\c@Item=\count276
\c@Hfootnote=\count277
)
Package hyperref Info: Driver (autodetected): hpdftex.
 (/usr/local/texlive/2024/texmf-dist/tex/latex/hyperref/hpdftex.def
File: hpdftex.def 2024-01-20 v7.01h Hyperref driver for pdfTeX
 (/usr/local/texlive/2024/texmf-dist/tex/latex/base/atveryend-ltx.sty
Package: atveryend-ltx 2020/08/19 v1.0a Emulation of the original atveryend package
with kernel methods
)
\Fld@listcount=\count278
\c@bookmark@seq@number=\count279
 (/usr/local/texlive/2024/texmf-dist/tex/latex/rerunfilecheck/rerunfilecheck.sty
Package: rerunfilecheck 2022-07-10 v1.10 Rerun checks for auxiliary files (HO)
 (/usr/local/texlive/2024/texmf-dist/tex/generic/uniquecounter/uniquecounter.sty
Package: uniquecounter 2019/12/15 v1.4 Provide unlimited unique counter (HO)
)
Package uniquecounter Info: New unique counter `rerunfilecheck' on input line 285.
)
\Hy@SectionHShift=\skip50
) (/usr/local/texlive/2024/texmf-dist/tex/latex/graphics/graphicx.sty
Package: graphicx 2021/09/16 v1.2d Enhanced LaTeX Graphics (DPC,SPQR)
 (/usr/local/texlive/2024/texmf-dist/tex/latex/graphics/graphics.sty
Package: graphics 2022/03/10 v1.4e Standard LaTeX Graphics (DPC,SPQR)
 (/usr/local/texlive/2024/texmf-dist/tex/latex/graphics/trig.sty
Package: trig 2021/08/11 v1.11 sin cos tan (DPC)
) (/usr/local/texlive/2024/texmf-dist/tex/latex/graphics-cfg/graphics.cfg
File: graphics.cfg 2016/06/04 v1.11 sample graphics configuration
)
Package graphics Info: Driver file: pdftex.def on input line 107.
 (/usr/local/texlive/2024/texmf-dist/tex/latex/graphics-def/pdftex.def
File: pdftex.def 2022/09/22 v1.2b Graphics/color driver for pdftex
))
\Gin@req@height=\dimen147
\Gin@req@width=\dimen148
) (/usr/local/texlive/2024/texmf-dist/tex/latex/lipsum/lipsum.sty (/usr/local/texlive/2024/texmf-dist/tex/latex/l3packages/l3keys2e/l3keys2e.sty (/usr/local/texlive/2024/texmf-dist/tex/latex/l3kernel/expl3.sty
Package: expl3 2024-02-20 L3 programming layer (loader) 
 (/usr/local/texlive/2024/texmf-dist/tex/latex/l3backend/l3backend-pdftex.def
File: l3backend-pdftex.def 2024-02-20 L3 backend support: PDF output (pdfTeX)
\l__color_backend_stack_int=\count280
\l__pdf_internal_box=\box53
))
Package: l3keys2e 2024-02-18 LaTeX2e option processing using LaTeX3 keys
)
Package: lipsum 2021-09-20 v2.7 150 paragraphs of Lorem Ipsum dummy text
\g__lipsum_par_int=\count281
\l__lipsum_a_int=\count282
\l__lipsum_b_int=\count283
 (/usr/local/texlive/2024/texmf-dist/tex/latex/lipsum/lipsum.ltd.tex)) (/usr/local/texlive/2024/texmf-dist/tex/latex/listings/listings.sty
\lst@mode=\count284
\lst@gtempboxa=\box54
\lst@token=\toks24
\lst@length=\count285
\lst@currlwidth=\dimen149
\lst@column=\count286
\lst@pos=\count287
\lst@lostspace=\dimen150
\lst@width=\dimen151
\lst@newlines=\count288
\lst@lineno=\count289
\lst@maxwidth=\dimen152
 (/usr/local/texlive/2024/texmf-dist/tex/latex/listings/lstpatch.sty
File: lstpatch.sty 2024/02/21 1.10 (Carsten Heinz)
) (/usr/local/texlive/2024/texmf-dist/tex/latex/listings/lstmisc.sty
File: lstmisc.sty 2024/02/21 1.10 (Carsten Heinz)
\c@lstnumber=\count290
\lst@skipnumbers=\count291
\lst@framebox=\box55
) (/usr/local/texlive/2024/texmf-dist/tex/latex/listings/listings.cfg
File: listings.cfg 2024/02/21 1.10 listings configuration
))
Package: listings 2024/02/21 1.10 (Carsten Heinz)
 (/usr/local/texlive/2024/texmf-dist/tex/latex/biblatex/biblatex.sty
Package: biblatex 2023/03/05 v3.19 programmable bibliographies (PK/MW)
 (/usr/local/texlive/2024/texmf-dist/tex/latex/logreq/logreq.sty
Package: logreq 2010/08/04 v1.0 xml request logger
\lrq@indent=\count292
 (/usr/local/texlive/2024/texmf-dist/tex/latex/logreq/logreq.def
File: logreq.def 2010/08/04 v1.0 logreq spec v1.0
)) (/usr/local/texlive/2024/texmf-dist/tex/latex/base/ifthen.sty
Package: ifthen 2022/04/13 v1.1d Standard LaTeX ifthen package (DPC)
)
\c@tabx@nest=\count293
\c@listtotal=\count294
\c@listcount=\count295
\c@liststart=\count296
\c@liststop=\count297
\c@citecount=\count298
\c@citetotal=\count299
\c@multicitecount=\count300
\c@multicitetotal=\count301
\c@instcount=\count302
\c@maxnames=\count303
\c@minnames=\count304
\c@maxitems=\count305
\c@minitems=\count306
\c@citecounter=\count307
\c@maxcitecounter=\count308
\c@savedcitecounter=\count309
\c@uniquelist=\count310
\c@uniquename=\count311
\c@refsection=\count312
\c@refsegment=\count313
\c@maxextratitle=\count314
\c@maxextratitleyear=\count315
\c@maxextraname=\count316
\c@maxextradate=\count317
\c@maxextraalpha=\count318
\c@abbrvpenalty=\count319
\c@highnamepenalty=\count320
\c@lownamepenalty=\count321
\c@maxparens=\count322
\c@parenlevel=\count323
\blx@tempcnta=\count324
\blx@tempcntb=\count325
\blx@tempcntc=\count326
\c@blx@maxsection=\count327
\blx@maxsegment@0=\count328
\blx@notetype=\count329
\blx@parenlevel@text=\count330
\blx@parenlevel@foot=\count331
\blx@sectionciteorder@0=\count332
\blx@sectionciteorderinternal@0=\count333
\blx@entrysetcounter=\count334
\blx@biblioinstance=\count335
\labelnumberwidth=\skip51
\labelalphawidth=\skip52
\biblabelsep=\skip53
\bibitemsep=\skip54
\bibnamesep=\skip55
\bibinitsep=\skip56
\bibparsep=\skip57
\bibhang=\skip58
\blx@bcfin=\read4
\blx@bcfout=\write4
\blx@langwohyphens=\language90
\c@mincomprange=\count336
\c@maxcomprange=\count337
\c@mincompwidth=\count338
Package biblatex Info: Trying to load biblatex default data model...
Package biblatex Info: ... file 'blx-dm.def' found.
 (/usr/local/texlive/2024/texmf-dist/tex/latex/biblatex/blx-dm.def
File: blx-dm.def 2023/03/05 v3.19 biblatex localization (PK/MW)
)
Package biblatex Info: Trying to load biblatex style data model...
Package biblatex Info: ... file 'numeric.dbx' not found.
Package biblatex Info: Trying to load biblatex custom data model...
Package biblatex Info: ... file 'biblatex-dm.cfg' not found.
\c@afterword=\count339
\c@savedafterword=\count340
\c@annotator=\count341
\c@savedannotator=\count342
\c@author=\count343
\c@savedauthor=\count344
\c@bookauthor=\count345
\c@savedbookauthor=\count346
\c@commentator=\count347
\c@savedcommentator=\count348
\c@editor=\count349
\c@savededitor=\count350
\c@editora=\count351
\c@savededitora=\count352
\c@editorb=\count353
\c@savededitorb=\count354
\c@editorc=\count355
\c@savededitorc=\count356
\c@foreword=\count357
\c@savedforeword=\count358
\c@holder=\count359
\c@savedholder=\count360
\c@introduction=\count361
\c@savedintroduction=\count362
\c@namea=\count363
\c@savednamea=\count364
\c@nameb=\count365
\c@savednameb=\count366
\c@namec=\count367
\c@savednamec=\count368
\c@translator=\count369
\c@savedtranslator=\count370
\c@shortauthor=\count371
\c@savedshortauthor=\count372
\c@shorteditor=\count373
\c@savedshorteditor=\count374
\c@labelname=\count375
\c@savedlabelname=\count376
\c@institution=\count377
\c@savedinstitution=\count378
\c@lista=\count379
\c@savedlista=\count380
\c@listb=\count381
\c@savedlistb=\count382
\c@listc=\count383
\c@savedlistc=\count384
\c@listd=\count385
\c@savedlistd=\count386
\c@liste=\count387
\c@savedliste=\count388
\c@listf=\count389
\c@savedlistf=\count390
\c@location=\count391
\c@savedlocation=\count392
\c@organization=\count393
\c@savedorganization=\count394
\c@origlocation=\count395
\c@savedoriglocation=\count396
\c@origpublisher=\count397
\c@savedorigpublisher=\count398
\c@publisher=\count399
\c@savedpublisher=\count400
\c@language=\count401
\c@savedlanguage=\count402
\c@origlanguage=\count403
\c@savedoriglanguage=\count404
\c@pageref=\count405
\c@savedpageref=\count406
\shorthandwidth=\skip59
\shortjournalwidth=\skip60
\shortserieswidth=\skip61
\shorttitlewidth=\skip62
\shortauthorwidth=\skip63
\shorteditorwidth=\skip64
\locallabelnumberwidth=\skip65
\locallabelalphawidth=\skip66
\localshorthandwidth=\skip67
\localshortjournalwidth=\skip68
\localshortserieswidth=\skip69
\localshorttitlewidth=\skip70
\localshortauthorwidth=\skip71
\localshorteditorwidth=\skip72
Package biblatex Info: Trying to load compatibility code...
Package biblatex Info: ... file 'blx-compat.def' found.
 (/usr/local/texlive/2024/texmf-dist/tex/latex/biblatex/blx-compat.def
File: blx-compat.def 2023/03/05 v3.19 biblatex compatibility (PK/MW)
)
Package biblatex Info: Trying to load generic definitions...
Package biblatex Info: ... file 'biblatex.def' found.
 (/usr/local/texlive/2024/texmf-dist/tex/latex/biblatex/biblatex.def
File: biblatex.def 2023/03/05 v3.19 biblatex compatibility (PK/MW)
\c@textcitecount=\count407
\c@textcitetotal=\count408
\c@textcitemaxnames=\count409
\c@biburlbigbreakpenalty=\count410
\c@biburlbreakpenalty=\count411
\c@biburlnumpenalty=\count412
\c@biburlucpenalty=\count413
\c@biburllcpenalty=\count414
\biburlbigskip=\muskip17
\biburlnumskip=\muskip18
\biburlucskip=\muskip19
\biburllcskip=\muskip20
\c@smartand=\count415
)
Package biblatex Info: Trying to load bibliography style 'numeric'...
Package biblatex Info: ... file 'numeric.bbx' found.
 (/usr/local/texlive/2024/texmf-dist/tex/latex/biblatex/bbx/numeric.bbx
File: numeric.bbx 2023/03/05 v3.19 biblatex bibliography style (PK/MW)
Package biblatex Info: Trying to load bibliography style 'standard'...
Package biblatex Info: ... file 'standard.bbx' found.
 (/usr/local/texlive/2024/texmf-dist/tex/latex/biblatex/bbx/standard.bbx
File: standard.bbx 2023/03/05 v3.19 biblatex bibliography style (PK/MW)
\c@bbx:relatedcount=\count416
\c@bbx:relatedtotal=\count417
))
Package biblatex Info: Trying to load citation style 'numeric'...
Package biblatex Info: ... file 'numeric.cbx' found.
 (/usr/local/texlive/2024/texmf-dist/tex/latex/biblatex/cbx/numeric.cbx
File: numeric.cbx 2023/03/05 v3.19 biblatex citation style (PK/MW)
Package biblatex Info: Redefining '\cite'.
Package biblatex Info: Redefining '\parencite'.
Package biblatex Info: Redefining '\footcite'.
Package biblatex Info: Redefining '\footcitetext'.
Package biblatex Info: Redefining '\smartcite'.
Package biblatex Info: Redefining '\supercite'.
Package biblatex Info: Redefining '\textcite'.
Package biblatex Info: Redefining '\textcites'.
Package biblatex Info: Redefining '\cites'.
Package biblatex Info: Redefining '\parencites'.
Package biblatex Info: Redefining '\smartcites'.
)
Package biblatex Info: Trying to load configuration file...
Package biblatex Info: ... file 'biblatex.cfg' found.
 (/usr/local/texlive/2024/texmf-dist/tex/latex/biblatex/biblatex.cfg
File: biblatex.cfg 
)
Package biblatex Info: Input encoding 'utf8' detected.
Package biblatex Info: Document encoding is UTF8 ....
Package biblatex Info: ... and expl3
(biblatex)             2024-02-20 L3 programming layer (loader) 
(biblatex)             is new enough (at least 2020/04/06),
(biblatex)             setting 'casechanger=expl3'.
 (/usr/local/texlive/2024/texmf-dist/tex/latex/biblatex/blx-case-expl3.sty (/usr/local/texlive/2024/texmf-dist/tex/latex/l3packages/xparse/xparse.sty
Package: xparse 2024-02-18 L3 Experimental document command parser
)
Package: blx-case-expl3 2023/03/05 v3.19 expl3 case changing code for biblatex
)) (/usr/local/texlive/2024/texmf-dist/tex/latex/epigraph/epigraph.sty
Package: epigraph 2020/01/02 v1.5e typesetting epigraphs
 (/usr/local/texlive/2024/texmf-dist/tex/latex/nextpage/nextpage.sty
Package: nextpage 2009/09/03 v1.1a additional page commands
)
\beforeepigraphskip=\skip73
\afterepigraphskip=\skip74
\epigraphwidth=\skip75
\epigraphrule=\skip76
) (/usr/local/texlive/2024/texmf-dist/tex/latex/fancyhdr/fancyhdr.sty
Package: fancyhdr 2022/11/09 v4.1 Extensive control of page headers and footers
\f@nch@headwidth=\skip77
\f@nch@O@elh=\skip78
\f@nch@O@erh=\skip79
\f@nch@O@olh=\skip80
\f@nch@O@orh=\skip81
\f@nch@O@elf=\skip82
\f@nch@O@erf=\skip83
\f@nch@O@olf=\skip84
\f@nch@O@orf=\skip85
) (/usr/local/texlive/2024/texmf-dist/tex/latex/todonotes/todonotes.sty
Package: todonotes 2024/01/05 v1.1.7 Todonotes source and documentation.
Package: todonotes 2024/01/05
 (/usr/local/texlive/2024/texmf-dist/tex/latex/xkeyval/xkeyval.sty
Package: xkeyval 2022/06/16 v2.9 package option processing (HA)
 (/usr/local/texlive/2024/texmf-dist/tex/generic/xkeyval/xkeyval.tex (/usr/local/texlive/2024/texmf-dist/tex/generic/xkeyval/xkvutils.tex
\XKV@toks=\toks25
\XKV@tempa@toks=\toks26
)
\XKV@depth=\count418
File: xkeyval.tex 2014/12/03 v2.7a key=value parser (HA)
)) (/usr/local/texlive/2024/texmf-dist/tex/latex/xcolor/xcolor.sty
Package: xcolor 2023/11/15 v3.01 LaTeX color extensions (UK)
 (/usr/local/texlive/2024/texmf-dist/tex/latex/graphics-cfg/color.cfg
File: color.cfg 2016/01/02 v1.6 sample color configuration
)
Package xcolor Info: Driver file: pdftex.def on input line 274.
 (/usr/local/texlive/2024/texmf-dist/tex/latex/graphics/mathcolor.ltx)
Package xcolor Info: Model `cmy' substituted by `cmy0' on input line 1350.
Package xcolor Info: Model `hsb' substituted by `rgb' on input line 1354.
Package xcolor Info: Model `RGB' extended on input line 1366.
Package xcolor Info: Model `HTML' substituted by `rgb' on input line 1368.
Package xcolor Info: Model `Hsb' substituted by `hsb' on input line 1369.
Package xcolor Info: Model `tHsb' substituted by `hsb' on input line 1370.
Package xcolor Info: Model `HSB' substituted by `hsb' on input line 1371.
Package xcolor Info: Model `Gray' substituted by `gray' on input line 1372.
Package xcolor Info: Model `wave' substituted by `hsb' on input line 1373.
) (/usr/local/texlive/2024/texmf-dist/tex/latex/pgf/frontendlayer/tikz.sty (/usr/local/texlive/2024/texmf-dist/tex/latex/pgf/basiclayer/pgf.sty (/usr/local/texlive/2024/texmf-dist/tex/latex/pgf/utilities/pgfrcs.sty (/usr/local/texlive/2024/texmf-dist/tex/generic/pgf/utilities/pgfutil-common.tex
\pgfutil@everybye=\toks27
\pgfutil@tempdima=\dimen153
\pgfutil@tempdimb=\dimen154
) (/usr/local/texlive/2024/texmf-dist/tex/generic/pgf/utilities/pgfutil-latex.def
\pgfutil@abb=\box56
) (/usr/local/texlive/2024/texmf-dist/tex/generic/pgf/utilities/pgfrcs.code.tex (/usr/local/texlive/2024/texmf-dist/tex/generic/pgf/pgf.revision.tex)
Package: pgfrcs 2023-01-15 v3.1.10 (3.1.10)
))
Package: pgf 2023-01-15 v3.1.10 (3.1.10)
 (/usr/local/texlive/2024/texmf-dist/tex/latex/pgf/basiclayer/pgfcore.sty (/usr/local/texlive/2024/texmf-dist/tex/latex/pgf/systemlayer/pgfsys.sty (/usr/local/texlive/2024/texmf-dist/tex/generic/pgf/systemlayer/pgfsys.code.tex
Package: pgfsys 2023-01-15 v3.1.10 (3.1.10)
 (/usr/local/texlive/2024/texmf-dist/tex/generic/pgf/utilities/pgfkeys.code.tex
\pgfkeys@pathtoks=\toks28
\pgfkeys@temptoks=\toks29
 (/usr/local/texlive/2024/texmf-dist/tex/generic/pgf/utilities/pgfkeyslibraryfiltered.code.tex
\pgfkeys@tmptoks=\toks30
))
\pgf@x=\dimen155
\pgf@y=\dimen156
\pgf@xa=\dimen157
\pgf@ya=\dimen158
\pgf@xb=\dimen159
\pgf@yb=\dimen160
\pgf@xc=\dimen161
\pgf@yc=\dimen162
\pgf@xd=\dimen163
\pgf@yd=\dimen164
\w@pgf@writea=\write5
\r@pgf@reada=\read5
\c@pgf@counta=\count419
\c@pgf@countb=\count420
\c@pgf@countc=\count421
\c@pgf@countd=\count422
\t@pgf@toka=\toks31
\t@pgf@tokb=\toks32
\t@pgf@tokc=\toks33
\pgf@sys@id@count=\count423
 (/usr/local/texlive/2024/texmf-dist/tex/generic/pgf/systemlayer/pgf.cfg
File: pgf.cfg 2023-01-15 v3.1.10 (3.1.10)
)
Driver file for pgf: pgfsys-pdftex.def
 (/usr/local/texlive/2024/texmf-dist/tex/generic/pgf/systemlayer/pgfsys-pdftex.def
File: pgfsys-pdftex.def 2023-01-15 v3.1.10 (3.1.10)
 (/usr/local/texlive/2024/texmf-dist/tex/generic/pgf/systemlayer/pgfsys-common-pdf.def
File: pgfsys-common-pdf.def 2023-01-15 v3.1.10 (3.1.10)
))) (/usr/local/texlive/2024/texmf-dist/tex/generic/pgf/systemlayer/pgfsyssoftpath.code.tex
File: pgfsyssoftpath.code.tex 2023-01-15 v3.1.10 (3.1.10)
\pgfsyssoftpath@smallbuffer@items=\count424
\pgfsyssoftpath@bigbuffer@items=\count425
) (/usr/local/texlive/2024/texmf-dist/tex/generic/pgf/systemlayer/pgfsysprotocol.code.tex
File: pgfsysprotocol.code.tex 2023-01-15 v3.1.10 (3.1.10)
)) (/usr/local/texlive/2024/texmf-dist/tex/generic/pgf/basiclayer/pgfcore.code.tex
Package: pgfcore 2023-01-15 v3.1.10 (3.1.10)
 (/usr/local/texlive/2024/texmf-dist/tex/generic/pgf/math/pgfmath.code.tex (/usr/local/texlive/2024/texmf-dist/tex/generic/pgf/math/pgfmathutil.code.tex) (/usr/local/texlive/2024/texmf-dist/tex/generic/pgf/math/pgfmathparser.code.tex
\pgfmath@dimen=\dimen165
\pgfmath@count=\count426
\pgfmath@box=\box57
\pgfmath@toks=\toks34
\pgfmath@stack@operand=\toks35
\pgfmath@stack@operation=\toks36
) (/usr/local/texlive/2024/texmf-dist/tex/generic/pgf/math/pgfmathfunctions.code.tex) (/usr/local/texlive/2024/texmf-dist/tex/generic/pgf/math/pgfmathfunctions.basic.code.tex) (/usr/local/texlive/2024/texmf-dist/tex/generic/pgf/math/pgfmathfunctions.trigonometric.code.tex) (/usr/local/texlive/2024/texmf-dist/tex/generic/pgf/math/pgfmathfunctions.random.code.tex) (/usr/local/texlive/2024/texmf-dist/tex/generic/pgf/math/pgfmathfunctions.comparison.code.tex) (/usr/local/texlive/2024/texmf-dist/tex/generic/pgf/math/pgfmathfunctions.base.code.tex) (/usr/local/texlive/2024/texmf-dist/tex/generic/pgf/math/pgfmathfunctions.round.code.tex) (/usr/local/texlive/2024/texmf-dist/tex/generic/pgf/math/pgfmathfunctions.misc.code.tex) (/usr/local/texlive/2024/texmf-dist/tex/generic/pgf/math/pgfmathfunctions.integerarithmetics.code.tex) (/usr/local/texlive/2024/texmf-dist/tex/generic/pgf/math/pgfmathcalc.code.tex) (/usr/local/texlive/2024/texmf-dist/tex/generic/pgf/math/pgfmathfloat.code.tex
\c@pgfmathroundto@lastzeros=\count427
)) (/usr/local/texlive/2024/texmf-dist/tex/generic/pgf/math/pgfint.code.tex) (/usr/local/texlive/2024/texmf-dist/tex/generic/pgf/basiclayer/pgfcorepoints.code.tex
File: pgfcorepoints.code.tex 2023-01-15 v3.1.10 (3.1.10)
\pgf@picminx=\dimen166
\pgf@picmaxx=\dimen167
\pgf@picminy=\dimen168
\pgf@picmaxy=\dimen169
\pgf@pathminx=\dimen170
\pgf@pathmaxx=\dimen171
\pgf@pathminy=\dimen172
\pgf@pathmaxy=\dimen173
\pgf@xx=\dimen174
\pgf@xy=\dimen175
\pgf@yx=\dimen176
\pgf@yy=\dimen177
\pgf@zx=\dimen178
\pgf@zy=\dimen179
) (/usr/local/texlive/2024/texmf-dist/tex/generic/pgf/basiclayer/pgfcorepathconstruct.code.tex
File: pgfcorepathconstruct.code.tex 2023-01-15 v3.1.10 (3.1.10)
\pgf@path@lastx=\dimen180
\pgf@path@lasty=\dimen181
) (/usr/local/texlive/2024/texmf-dist/tex/generic/pgf/basiclayer/pgfcorepathusage.code.tex
File: pgfcorepathusage.code.tex 2023-01-15 v3.1.10 (3.1.10)
\pgf@shorten@end@additional=\dimen182
\pgf@shorten@start@additional=\dimen183
) (/usr/local/texlive/2024/texmf-dist/tex/generic/pgf/basiclayer/pgfcorescopes.code.tex
File: pgfcorescopes.code.tex 2023-01-15 v3.1.10 (3.1.10)
\pgfpic=\box58
\pgf@hbox=\box59
\pgf@layerbox@main=\box60
\pgf@picture@serial@count=\count428
) (/usr/local/texlive/2024/texmf-dist/tex/generic/pgf/basiclayer/pgfcoregraphicstate.code.tex
File: pgfcoregraphicstate.code.tex 2023-01-15 v3.1.10 (3.1.10)
\pgflinewidth=\dimen184
) (/usr/local/texlive/2024/texmf-dist/tex/generic/pgf/basiclayer/pgfcoretransformations.code.tex
File: pgfcoretransformations.code.tex 2023-01-15 v3.1.10 (3.1.10)
\pgf@pt@x=\dimen185
\pgf@pt@y=\dimen186
\pgf@pt@temp=\dimen187
) (/usr/local/texlive/2024/texmf-dist/tex/generic/pgf/basiclayer/pgfcorequick.code.tex
File: pgfcorequick.code.tex 2023-01-15 v3.1.10 (3.1.10)
) (/usr/local/texlive/2024/texmf-dist/tex/generic/pgf/basiclayer/pgfcoreobjects.code.tex
File: pgfcoreobjects.code.tex 2023-01-15 v3.1.10 (3.1.10)
) (/usr/local/texlive/2024/texmf-dist/tex/generic/pgf/basiclayer/pgfcorepathprocessing.code.tex
File: pgfcorepathprocessing.code.tex 2023-01-15 v3.1.10 (3.1.10)
) (/usr/local/texlive/2024/texmf-dist/tex/generic/pgf/basiclayer/pgfcorearrows.code.tex
File: pgfcorearrows.code.tex 2023-01-15 v3.1.10 (3.1.10)
\pgfarrowsep=\dimen188
) (/usr/local/texlive/2024/texmf-dist/tex/generic/pgf/basiclayer/pgfcoreshade.code.tex
File: pgfcoreshade.code.tex 2023-01-15 v3.1.10 (3.1.10)
\pgf@max=\dimen189
\pgf@sys@shading@range@num=\count429
\pgf@shadingcount=\count430
) (/usr/local/texlive/2024/texmf-dist/tex/generic/pgf/basiclayer/pgfcoreimage.code.tex
File: pgfcoreimage.code.tex 2023-01-15 v3.1.10 (3.1.10)
) (/usr/local/texlive/2024/texmf-dist/tex/generic/pgf/basiclayer/pgfcoreexternal.code.tex
File: pgfcoreexternal.code.tex 2023-01-15 v3.1.10 (3.1.10)
\pgfexternal@startupbox=\box61
) (/usr/local/texlive/2024/texmf-dist/tex/generic/pgf/basiclayer/pgfcorelayers.code.tex
File: pgfcorelayers.code.tex 2023-01-15 v3.1.10 (3.1.10)
) (/usr/local/texlive/2024/texmf-dist/tex/generic/pgf/basiclayer/pgfcoretransparency.code.tex
File: pgfcoretransparency.code.tex 2023-01-15 v3.1.10 (3.1.10)
) (/usr/local/texlive/2024/texmf-dist/tex/generic/pgf/basiclayer/pgfcorepatterns.code.tex
File: pgfcorepatterns.code.tex 2023-01-15 v3.1.10 (3.1.10)
) (/usr/local/texlive/2024/texmf-dist/tex/generic/pgf/basiclayer/pgfcorerdf.code.tex
File: pgfcorerdf.code.tex 2023-01-15 v3.1.10 (3.1.10)
))) (/usr/local/texlive/2024/texmf-dist/tex/generic/pgf/modules/pgfmoduleshapes.code.tex
File: pgfmoduleshapes.code.tex 2023-01-15 v3.1.10 (3.1.10)
\pgfnodeparttextbox=\box62
) (/usr/local/texlive/2024/texmf-dist/tex/generic/pgf/modules/pgfmoduleplot.code.tex
File: pgfmoduleplot.code.tex 2023-01-15 v3.1.10 (3.1.10)
) (/usr/local/texlive/2024/texmf-dist/tex/latex/pgf/compatibility/pgfcomp-version-0-65.sty
Package: pgfcomp-version-0-65 2023-01-15 v3.1.10 (3.1.10)
\pgf@nodesepstart=\dimen190
\pgf@nodesepend=\dimen191
) (/usr/local/texlive/2024/texmf-dist/tex/latex/pgf/compatibility/pgfcomp-version-1-18.sty
Package: pgfcomp-version-1-18 2023-01-15 v3.1.10 (3.1.10)
)) (/usr/local/texlive/2024/texmf-dist/tex/latex/pgf/utilities/pgffor.sty (/usr/local/texlive/2024/texmf-dist/tex/latex/pgf/utilities/pgfkeys.sty (/usr/local/texlive/2024/texmf-dist/tex/generic/pgf/utilities/pgfkeys.code.tex)) (/usr/local/texlive/2024/texmf-dist/tex/latex/pgf/math/pgfmath.sty (/usr/local/texlive/2024/texmf-dist/tex/generic/pgf/math/pgfmath.code.tex))
(/usr/local/texlive/2024/texmf-dist/tex/generic/pgf/utilities/pgffor.code.tex
Package: pgffor 2023-01-15 v3.1.10 (3.1.10)
\pgffor@iter=\dimen192
\pgffor@skip=\dimen193
\pgffor@stack=\toks37
\pgffor@toks=\toks38
)) (/usr/local/texlive/2024/texmf-dist/tex/generic/pgf/frontendlayer/tikz/tikz.code.tex
Package: tikz 2023-01-15 v3.1.10 (3.1.10)
 (/usr/local/texlive/2024/texmf-dist/tex/generic/pgf/libraries/pgflibraryplothandlers.code.tex
File: pgflibraryplothandlers.code.tex 2023-01-15 v3.1.10 (3.1.10)
\pgf@plot@mark@count=\count431
\pgfplotmarksize=\dimen194
)
\tikz@lastx=\dimen195
\tikz@lasty=\dimen196
\tikz@lastxsaved=\dimen197
\tikz@lastysaved=\dimen198
\tikz@lastmovetox=\dimen199
\tikz@lastmovetoy=\dimen256
\tikzleveldistance=\dimen257
\tikzsiblingdistance=\dimen258
\tikz@figbox=\box63
\tikz@figbox@bg=\box64
\tikz@tempbox=\box65
\tikz@tempbox@bg=\box66
\tikztreelevel=\count432
\tikznumberofchildren=\count433
\tikznumberofcurrentchild=\count434
\tikz@fig@count=\count435
 (/usr/local/texlive/2024/texmf-dist/tex/generic/pgf/modules/pgfmodulematrix.code.tex
File: pgfmodulematrix.code.tex 2023-01-15 v3.1.10 (3.1.10)
\pgfmatrixcurrentrow=\count436
\pgfmatrixcurrentcolumn=\count437
\pgf@matrix@numberofcolumns=\count438
)
\tikz@expandcount=\count439
 (/usr/local/texlive/2024/texmf-dist/tex/generic/pgf/frontendlayer/tikz/libraries/tikzlibrarytopaths.code.tex
File: tikzlibrarytopaths.code.tex 2023-01-15 v3.1.10 (3.1.10)
))) (/usr/local/texlive/2024/texmf-dist/tex/generic/pgf/frontendlayer/tikz/libraries/tikzlibrarypositioning.code.tex
File: tikzlibrarypositioning.code.tex 2023-01-15 v3.1.10 (3.1.10)
) (/usr/local/texlive/2024/texmf-dist/tex/latex/tools/calc.sty
Package: calc 2023/07/08 v4.3 Infix arithmetic (KKT,FJ)
\calc@Acount=\count440
\calc@Bcount=\count441
\calc@Adimen=\dimen259
\calc@Bdimen=\dimen260
\calc@Askip=\skip86
\calc@Bskip=\skip87
LaTeX Info: Redefining \setlength on input line 80.
LaTeX Info: Redefining \addtolength on input line 81.
\calc@Ccount=\count442
\calc@Cskip=\skip88
)
\c@@todonotes@numberoftodonotes=\count443
) (/usr/local/texlive/2024/texmf-dist/tex/latex/float/float.sty
Package: float 2001/11/08 v1.3d Float enhancements (AL)
\c@float@type=\count444
\float@exts=\toks39
\float@box=\box67
\@float@everytoks=\toks40
\@floatcapt=\box68
) (/usr/local/texlive/2024/texmf-dist/tex/latex/csquotes/csquotes.sty
Package: csquotes 2022-09-14 v5.2n context-sensitive quotations (JAW)
\csq@reset=\count445
\csq@gtype=\count446
\csq@glevel=\count447
\csq@qlevel=\count448
\csq@maxlvl=\count449
\csq@tshold=\count450
\csq@ltx@everypar=\toks41
 (/usr/local/texlive/2024/texmf-dist/tex/latex/csquotes/csquotes.def
File: csquotes.def 2022-09-14 v5.2n csquotes generic definitions (JAW)
)
Package csquotes Info: Trying to load configuration file 'csquotes.cfg'...
Package csquotes Info: ... configuration file loaded successfully.
 (/usr/local/texlive/2024/texmf-dist/tex/latex/csquotes/csquotes.cfg
File: csquotes.cfg 
)) (/usr/local/texlive/2024/texmf-dist/tex/latex/forloop/forloop.sty
Package: forloop 2023/05/03 v3.0 For Loops for LaTeX
) (/usr/local/texlive/2024/texmf-dist/tex/latex/geometry/geometry.sty
Package: geometry 2020/01/02 v5.9 Page Geometry
 (/usr/local/texlive/2024/texmf-dist/tex/generic/iftex/ifvtex.sty
Package: ifvtex 2019/10/25 v1.7 ifvtex legacy package. Use iftex instead.
)
\Gm@cnth=\count451
\Gm@cntv=\count452
\c@Gm@tempcnt=\count453
\Gm@bindingoffset=\dimen261
\Gm@wd@mp=\dimen262
\Gm@odd@mp=\dimen263
\Gm@even@mp=\dimen264
\Gm@layoutwidth=\dimen265
\Gm@layoutheight=\dimen266
\Gm@layouthoffset=\dimen267
\Gm@layoutvoffset=\dimen268
\Gm@dimlist=\toks42
)
Package csquotes Info: Checking for multilingual support...
Package csquotes Info: ... found 'babel' package.
Package csquotes Info: Adjusting default style.
Package csquotes Info: Redefining alias 'default' -> 'italian'.
 (./main.aux (./0Introduction.aux) (./1ContestoEMotivazione.aux) (./2AlgoritmiProposti.aux) (./3Analisi.aux) (./4N-dimensioni.aux) (./5N-dim_analisi.aux) (./6Conclusioni.aux))
\openout1 = `main.aux'.

LaTeX Font Info:    Checking defaults for OML/cmm/m/it on input line 43.
LaTeX Font Info:    ... okay on input line 43.
LaTeX Font Info:    Checking defaults for OMS/cmsy/m/n on input line 43.
LaTeX Font Info:    ... okay on input line 43.
LaTeX Font Info:    Checking defaults for OT1/cmr/m/n on input line 43.
LaTeX Font Info:    ... okay on input line 43.
LaTeX Font Info:    Checking defaults for T1/cmr/m/n on input line 43.
LaTeX Font Info:    ... okay on input line 43.
LaTeX Font Info:    Checking defaults for TS1/cmr/m/n on input line 43.
LaTeX Font Info:    ... okay on input line 43.
LaTeX Font Info:    Checking defaults for OMX/cmex/m/n on input line 43.
LaTeX Font Info:    ... okay on input line 43.
LaTeX Font Info:    Checking defaults for U/cmr/m/n on input line 43.
LaTeX Font Info:    ... okay on input line 43.
LaTeX Font Info:    Checking defaults for PD1/pdf/m/n on input line 43.
LaTeX Font Info:    ... okay on input line 43.
LaTeX Font Info:    Checking defaults for PU/pdf/m/n on input line 43.
LaTeX Font Info:    ... okay on input line 43.
LaTeX Info: Redefining \it@ocap on input line 43.
LaTeX Info: Redefining \it@ccap on input line 43.


File italian.ldf warning: 
italian.ldf    With OT1 encoding guillemets are poorly faked
italian.ldf    Use T1 encoding
italian.ldf    or specify a font with command \CaporaliFrom
italian.ldf    See the documentation concerning the babel-italian typesetting
italian.ldf    on input line 43.

Package hyperref Info: Link coloring OFF on input line 43.
(./main.out) (./main.out)
\@outlinefile=\write6
\openout6 = `main.out'.

 (/usr/local/texlive/2024/texmf-dist/tex/context/base/mkii/supp-pdf.mkii
[Loading MPS to PDF converter (version 2006.09.02).]
\scratchcounter=\count454
\scratchdimen=\dimen269
\scratchbox=\box69
\nofMPsegments=\count455
\nofMParguments=\count456
\everyMPshowfont=\toks43
\MPscratchCnt=\count457
\MPscratchDim=\dimen270
\MPnumerator=\count458
\makeMPintoPDFobject=\count459
\everyMPtoPDFconversion=\toks44
) (/usr/local/texlive/2024/texmf-dist/tex/latex/epstopdf-pkg/epstopdf-base.sty
Package: epstopdf-base 2020-01-24 v2.11 Base part for package epstopdf
Package epstopdf-base Info: Redefining graphics rule for `.eps' on input line 485.
 (/usr/local/texlive/2024/texmf-dist/tex/latex/latexconfig/epstopdf-sys.cfg
File: epstopdf-sys.cfg 2010/07/13 v1.3 Configuration of (r)epstopdf for TeX Live
))
\c@lstlisting=\count460
Package biblatex Info: Trying to load language 'italian'...
Package biblatex Info: ... file 'italian.lbx' found.
 (/usr/local/texlive/2024/texmf-dist/tex/latex/biblatex/lbx/italian.lbx
File: italian.lbx 2023/03/05 v3.19 biblatex localization (PK/MW)
)
Package biblatex Info: Trying to load language 'english'...
Package biblatex Info: ... file 'english.lbx' found.
 (/usr/local/texlive/2024/texmf-dist/tex/latex/biblatex/lbx/english.lbx
File: english.lbx 2023/03/05 v3.19 biblatex localization (PK/MW)
)
Package biblatex Info: Input encoding 'utf8' detected.
Package biblatex Info: Automatic encoding selection.
(biblatex)             Assuming data encoding 'utf8'.
\openout4 = `main.bcf'.

Package biblatex Info: Trying to load bibliographic data...
Package biblatex Info: ... file 'main.bbl' found.
 (./main.bbl)
Package biblatex Info: Reference section=0 on input line 43.
Package biblatex Info: Reference segment=0 on input line 43.

*geometry* driver: auto-detecting
*geometry* detected driver: pdftex
*geometry* verbose mode - [ preamble ] result:
* driver: pdftex
* paper: a4paper
* layout: <same size as paper>
* layoutoffset:(h,v)=(0.0pt,0.0pt)
* modes: 
* h-part:(L,W,R)=(72.26999pt, 452.9679pt, 72.26999pt)
* v-part:(T,H,B)=(72.26999pt, 700.50687pt, 72.26999pt)
* \paperwidth=597.50787pt
* \paperheight=845.04684pt
* \textwidth=452.9679pt
* \textheight=700.50687pt
* \oddsidemargin=0.0pt
* \evensidemargin=0.0pt
* \topmargin=-37.0pt
* \headheight=12.0pt
* \headsep=25.0pt
* \topskip=12.0pt
* \footskip=30.0pt
* \marginparwidth=85.35826pt
* \marginparsep=10.0pt
* \columnsep=10.0pt
* \skip\footins=10.8pt plus 4.0pt minus 2.0pt
* \hoffset=0.0pt
* \voffset=0.0pt
* \mag=1000
* \@twocolumnfalse
* \@twosidefalse
* \@mparswitchfalse
* \@reversemarginfalse
* (1in=72.27pt=25.4mm, 1cm=28.453pt)

\openout2 = `0Introduction.aux'.

(./0Introduction.tex
<Logo.jpg, id=135, 398.4486pt x 156.585pt>
File: Logo.jpg Graphic file (type jpg)
<use Logo.jpg>
Package pdftex.def Info: Logo.jpg  used on input line 4.
(pdftex.def)             Requested size: 452.9679pt x 178.01416pt.
 [1


{/usr/local/texlive/2024/texmf-var/fonts/map/pdftex/updmap/pdftex.map} <./Logo.jpg>]) (./main.toc
LaTeX Font Info:    External font `cmex10' loaded for size
(Font)              <12> on input line 4.
LaTeX Font Info:    External font `cmex10' loaded for size
(Font)              <8> on input line 4.
LaTeX Font Info:    External font `cmex10' loaded for size
(Font)              <6> on input line 4.
)
\tf@toc=\write7
\openout7 = `main.toc'.


pdfTeX warning (ext4): destination with the same identifier (name{page.1}) has been already used, duplicate ignored
<to be read again> 
                   \relax 
l.49 \include{1ContestoEMotivazione}
                                     [1



]
\openout2 = `1ContestoEMotivazione.aux'.

 (./1ContestoEMotivazione.tex
Capitolo 1.

Underfull \hbox (badness 10000) in paragraph at lines 5--12

 []

[2


{/usr/local/texlive/2024/texmf-dist/fonts/enc/dvips/cm-super/cm-super-ts1.enc}]
Underfull \hbox (badness 10000) in paragraph at lines 82--89

 []


Underfull \hbox (badness 10000) in paragraph at lines 90--96

 []


Underfull \hbox (badness 10000) in paragraph at lines 97--102

 []

[3]
Underfull \hbox (badness 10000) in paragraph at lines 103--108

 []

) [4]
\openout2 = `2AlgoritmiProposti.aux'.

 (./2AlgoritmiProposti.tex
Capitolo 2.

Underfull \hbox (badness 10000) in paragraph at lines 3--8

 []


Underfull \hbox (badness 10000) in paragraph at lines 9--18

 []

[5




]
<media/CuttingSmallerAngle/5_4.png, id=208, 602.25pt x 602.25pt>
File: media/CuttingSmallerAngle/5_4.png Graphic file (type png)
<use media/CuttingSmallerAngle/5_4.png>
Package pdftex.def Info: media/CuttingSmallerAngle/5_4.png  used on input line 45.
(pdftex.def)             Requested size: 135.89174pt x 135.88635pt.
<media/CuttingSmallerAngle/7_5.png, id=209, 602.25pt x 602.25pt>
File: media/CuttingSmallerAngle/7_5.png Graphic file (type png)
<use media/CuttingSmallerAngle/7_5.png>
Package pdftex.def Info: media/CuttingSmallerAngle/7_5.png  used on input line 46.
(pdftex.def)             Requested size: 135.89174pt x 135.88635pt.
<media/CuttingSmallerAngle/9_5.png, id=210, 602.25pt x 602.25pt>
File: media/CuttingSmallerAngle/9_5.png Graphic file (type png)
<use media/CuttingSmallerAngle/9_5.png>
Package pdftex.def Info: media/CuttingSmallerAngle/9_5.png  used on input line 47.
(pdftex.def)             Requested size: 135.89174pt x 135.88635pt.
 [6 <./media/CuttingSmallerAngle/5_4.png (PNG copy)> <./media/CuttingSmallerAngle/7_5.png (PNG copy)> <./media/CuttingSmallerAngle/9_5.png (PNG copy)>]
<media/Demo_algorithms/demo_smaller_angle.jpg, id=216, 5899.03876pt x 4127.42pt>
File: media/Demo_algorithms/demo_smaller_angle.jpg Graphic file (type jpg)
<use media/Demo_algorithms/demo_smaller_angle.jpg>
Package pdftex.def Info: media/Demo_algorithms/demo_smaller_angle.jpg  used on input line 65.
(pdftex.def)             Requested size: 362.37569pt x 253.4916pt.
<media/CuttingSmallerAngle2/5_4.png, id=217, 602.25pt x 602.25pt>
File: media/CuttingSmallerAngle2/5_4.png Graphic file (type png)
<use media/CuttingSmallerAngle2/5_4.png>
Package pdftex.def Info: media/CuttingSmallerAngle2/5_4.png  used on input line 79.
(pdftex.def)             Requested size: 135.89174pt x 135.88635pt.
<media/CuttingSmallerAngle2/7_5.png, id=218, 602.25pt x 602.25pt>
File: media/CuttingSmallerAngle2/7_5.png Graphic file (type png)
<use media/CuttingSmallerAngle2/7_5.png>
Package pdftex.def Info: media/CuttingSmallerAngle2/7_5.png  used on input line 80.
(pdftex.def)             Requested size: 135.89174pt x 135.88635pt.
<media/CuttingSmallerAngle2/9_5.png, id=219, 602.25pt x 602.25pt>
File: media/CuttingSmallerAngle2/9_5.png Graphic file (type png)
<use media/CuttingSmallerAngle2/9_5.png>
Package pdftex.def Info: media/CuttingSmallerAngle2/9_5.png  used on input line 81.
(pdftex.def)             Requested size: 135.89174pt x 135.88635pt.
 [7
pdfTeX warning (ext4): destination with the same identifier (name{figure.2.1}) has been already used, duplicate ignored
<argument> ...shipout:D \box_use:N \l_shipout_box 
                                                  \__shipout_drop_firstpage_...
l.97 \subsection
                {Ipotesi di Algoritmo Cutting Larger Angle (CLA)} <./media/Demo_algorithms/demo_smaller_angle.jpg> <./media/CuttingSmallerAngle2/5_4.png (PNG copy)> <./media/CuttingSmallerAngle2/7_5.png (PNG copy)> <./media/CuttingSmallerAngle2/9_5.png (PNG copy)>]
<media/CuttingLargerAngle/5_4.png, id=226, 602.25pt x 602.25pt>
File: media/CuttingLargerAngle/5_4.png Graphic file (type png)
<use media/CuttingLargerAngle/5_4.png>
Package pdftex.def Info: media/CuttingLargerAngle/5_4.png  used on input line 109.
(pdftex.def)             Requested size: 135.89174pt x 135.88635pt.
<media/CuttingLargerAngle/7_5.png, id=227, 602.25pt x 602.25pt>
File: media/CuttingLargerAngle/7_5.png Graphic file (type png)
<use media/CuttingLargerAngle/7_5.png>
Package pdftex.def Info: media/CuttingLargerAngle/7_5.png  used on input line 110.
(pdftex.def)             Requested size: 135.89174pt x 135.88635pt.
<media/CuttingLargerAngle/9_5.png, id=228, 602.25pt x 602.25pt>
File: media/CuttingLargerAngle/9_5.png Graphic file (type png)
<use media/CuttingLargerAngle/9_5.png>
Package pdftex.def Info: media/CuttingLargerAngle/9_5.png  used on input line 111.
(pdftex.def)             Requested size: 135.89174pt x 135.88635pt.
 [8 <./media/CuttingLargerAngle/5_4.png (PNG copy)> <./media/CuttingLargerAngle/7_5.png (PNG copy)> <./media/CuttingLargerAngle/9_5.png (PNG copy)>]
<media/Demo_algorithms/demo_larger_angle.jpg, id=233, 6076.7025pt x 3978.865pt>
File: media/Demo_algorithms/demo_larger_angle.jpg Graphic file (type jpg)
<use media/Demo_algorithms/demo_larger_angle.jpg>
Package pdftex.def Info: media/Demo_algorithms/demo_larger_angle.jpg  used on input line 129.
(pdftex.def)             Requested size: 362.37569pt x 237.2645pt.
<media/CuttingLargerAngle2/5_4.png, id=234, 602.25pt x 602.25pt>
File: media/CuttingLargerAngle2/5_4.png Graphic file (type png)
<use media/CuttingLargerAngle2/5_4.png>
Package pdftex.def Info: media/CuttingLargerAngle2/5_4.png  used on input line 143.
(pdftex.def)             Requested size: 135.89174pt x 135.88635pt.
<media/CuttingLargerAngle2/7_5.png, id=235, 602.25pt x 602.25pt>
File: media/CuttingLargerAngle2/7_5.png Graphic file (type png)
<use media/CuttingLargerAngle2/7_5.png>
Package pdftex.def Info: media/CuttingLargerAngle2/7_5.png  used on input line 144.
(pdftex.def)             Requested size: 135.89174pt x 135.88635pt.
<media/CuttingLargerAngle2/9_5.png, id=236, 602.25pt x 602.25pt>
File: media/CuttingLargerAngle2/9_5.png Graphic file (type png)
<use media/CuttingLargerAngle2/9_5.png>
Package pdftex.def Info: media/CuttingLargerAngle2/9_5.png  used on input line 145.
(pdftex.def)             Requested size: 135.89174pt x 135.88635pt.

Underfull \hbox (badness 10000) in paragraph at lines 156--160

 []

[9 <./media/Demo_algorithms/demo_larger_angle.jpg> <./media/CuttingLargerAngle2/5_4.png (PNG copy)> <./media/CuttingLargerAngle2/7_5.png (PNG copy)> <./media/CuttingLargerAngle2/9_5.png (PNG copy)>]
Underfull \hbox (badness 10000) in paragraph at lines 165--168

 []

<media/Demo_algorithms/demo_distance_g.jpg, id=242, 5225.5225pt x 3618.51875pt>
File: media/Demo_algorithms/demo_distance_g.jpg Graphic file (type jpg)
<use media/Demo_algorithms/demo_distance_g.jpg>
Package pdftex.def Info: media/Demo_algorithms/demo_distance_g.jpg  used on input line 172.
(pdftex.def)             Requested size: 362.37569pt x 250.89278pt.
<media/DistanceFromG/5_4.png, id=243, 602.25pt x 602.25pt>
File: media/DistanceFromG/5_4.png Graphic file (type png)
<use media/DistanceFromG/5_4.png>
Package pdftex.def Info: media/DistanceFromG/5_4.png  used on input line 186.
(pdftex.def)             Requested size: 135.89174pt x 135.88635pt.
<media/DistanceFromG/7_5.png, id=244, 602.25pt x 602.25pt>
File: media/DistanceFromG/7_5.png Graphic file (type png)
<use media/DistanceFromG/7_5.png>
Package pdftex.def Info: media/DistanceFromG/7_5.png  used on input line 187.
(pdftex.def)             Requested size: 135.89174pt x 135.88635pt.
<media/DistanceFromG/9_5.png, id=245, 602.25pt x 602.25pt>
File: media/DistanceFromG/9_5.png Graphic file (type png)
<use media/DistanceFromG/9_5.png>
Package pdftex.def Info: media/DistanceFromG/9_5.png  used on input line 188.
(pdftex.def)             Requested size: 135.89174pt x 135.88635pt.
[10 <./media/Demo_algorithms/demo_distance_g.jpg> <./media/DistanceFromG/5_4.png (PNG copy)> <./media/DistanceFromG/7_5.png (PNG copy)> <./media/DistanceFromG/9_5.png (PNG copy)>]
<media/Demo_algorithms/demo_box_cutting.jpg, id=251, 5659.1425pt x 3618.51875pt>
File: media/Demo_algorithms/demo_box_cutting.jpg Graphic file (type jpg)
<use media/Demo_algorithms/demo_box_cutting.jpg>
Package pdftex.def Info: media/Demo_algorithms/demo_box_cutting.jpg  used on input line 212.
(pdftex.def)             Requested size: 362.37569pt x 231.67827pt.
<media/BoxCutting/5_4.png, id=252, 602.25pt x 602.25pt>
File: media/BoxCutting/5_4.png Graphic file (type png)
<use media/BoxCutting/5_4.png>
Package pdftex.def Info: media/BoxCutting/5_4.png  used on input line 226.
(pdftex.def)             Requested size: 135.89174pt x 135.88635pt.
<media/BoxCutting/7_5.png, id=253, 602.25pt x 602.25pt>
File: media/BoxCutting/7_5.png Graphic file (type png)
<use media/BoxCutting/7_5.png>
Package pdftex.def Info: media/BoxCutting/7_5.png  used on input line 227.
(pdftex.def)             Requested size: 135.89174pt x 135.88635pt.
<media/BoxCutting/9_5.png, id=254, 602.25pt x 602.25pt>
File: media/BoxCutting/9_5.png Graphic file (type png)
<use media/BoxCutting/9_5.png>
Package pdftex.def Info: media/BoxCutting/9_5.png  used on input line 228.
(pdftex.def)             Requested size: 135.89174pt x 135.88635pt.
 [11 <./media/Demo_algorithms/demo_box_cutting.jpg>]
<media/Demo_algorithms/demo_smaller_area.jpg, id=259, 5305.8225pt x 3559.2975pt>
File: media/Demo_algorithms/demo_smaller_area.jpg Graphic file (type jpg)
<use media/Demo_algorithms/demo_smaller_area.jpg>
Package pdftex.def Info: media/Demo_algorithms/demo_smaller_area.jpg  used on input line 252.
(pdftex.def)             Requested size: 362.37569pt x 243.0392pt.
<media/LessArea/5_4.png, id=260, 602.25pt x 602.25pt>
File: media/LessArea/5_4.png Graphic file (type png)
<use media/LessArea/5_4.png>
Package pdftex.def Info: media/LessArea/5_4.png  used on input line 265.
(pdftex.def)             Requested size: 135.89174pt x 135.88635pt.
<media/LessArea/7_5.png, id=261, 602.25pt x 602.25pt>
File: media/LessArea/7_5.png Graphic file (type png)
<use media/LessArea/7_5.png>
Package pdftex.def Info: media/LessArea/7_5.png  used on input line 266.
(pdftex.def)             Requested size: 135.89174pt x 135.88635pt.
<media/LessArea/9_5.png, id=262, 602.25pt x 602.25pt>
File: media/LessArea/9_5.png Graphic file (type png)
<use media/LessArea/9_5.png>
Package pdftex.def Info: media/LessArea/9_5.png  used on input line 267.
(pdftex.def)             Requested size: 135.89174pt x 135.88635pt.
 [12 <./media/BoxCutting/5_4.png (PNG copy)> <./media/BoxCutting/7_5.png (PNG copy)> <./media/BoxCutting/9_5.png (PNG copy)> <./media/Demo_algorithms/demo_smaller_area.jpg>] [13 <./media/LessArea/5_4.png (PNG copy)> <./media/LessArea/7_5.png (PNG copy)> <./media/LessArea/9_5.png (PNG copy)>]
<media/Demo_algorithms/demo_cutting_edges.jpg, id=272, 6971.04375pt x 5817.735pt>
File: media/Demo_algorithms/demo_cutting_edges.jpg Graphic file (type jpg)
<use media/Demo_algorithms/demo_cutting_edges.jpg>
Package pdftex.def Info: media/Demo_algorithms/demo_cutting_edges.jpg  used on input line 289.
(pdftex.def)             Requested size: 362.37569pt x 302.3553pt.
File: media/LessArea/5_4.png Graphic file (type png)
<use media/LessArea/5_4.png>
Package pdftex.def Info: media/LessArea/5_4.png  used on input line 303.
(pdftex.def)             Requested size: 135.89174pt x 135.88635pt.
File: media/LessArea/7_5.png Graphic file (type png)
<use media/LessArea/7_5.png>
Package pdftex.def Info: media/LessArea/7_5.png  used on input line 304.
(pdftex.def)             Requested size: 135.89174pt x 135.88635pt.
File: media/LessArea/9_5.png Graphic file (type png)
<use media/LessArea/9_5.png>
Package pdftex.def Info: media/LessArea/9_5.png  used on input line 305.
(pdftex.def)             Requested size: 135.89174pt x 135.88635pt.
)
Underfull \hbox (badness 10000) in paragraph at lines 310--51

 []

[14 <./media/Demo_algorithms/demo_cutting_edges.jpg>]
\openout2 = `3Analisi.aux'.

 (./3Analisi.tex
Capitolo 3.

Underfull \hbox (badness 10000) in paragraph at lines 3--5

 []


Underfull \hbox (badness 10000) in paragraph at lines 26--29

 []

[15




]
<media/report/bxplt_time.pdf, id=287, 722.7pt x 578.16pt>
File: media/report/bxplt_time.pdf Graphic file (type pdf)
<use media/report/bxplt_time.pdf>
Package pdftex.def Info: media/report/bxplt_time.pdf  used on input line 70.
(pdftex.def)             Requested size: 203.83417pt x 163.06584pt.
<media/report/Time_plot.pdf, id=288, 722.7pt x 578.16pt>
File: media/report/Time_plot.pdf Graphic file (type pdf)
<use media/report/Time_plot.pdf>
Package pdftex.def Info: media/report/Time_plot.pdf  used on input line 76.
(pdftex.def)             Requested size: 203.83417pt x 163.06584pt.
 [16
pdfTeX warning (ext4): destination with the same identifier (name{table.3.1}) has been already used, duplicate ignored
<argument> ...shipout:D \box_use:N \l_shipout_box 
                                                  \__shipout_drop_firstpage_...
l.84 \subsection
                *{Accuratezza} <./media/report/bxplt_time.pdf> <./media/report/Time_plot.pdf

pdfTeX warning: pdflatex (file ./media/report/Time_plot.pdf): PDF inclusion: multiple pdfs with page group included in a single page
>]
<media/report/bxplt_jaccard.pdf, id=373, 722.7pt x 578.16pt>
File: media/report/bxplt_jaccard.pdf Graphic file (type pdf)
<use media/report/bxplt_jaccard.pdf>
Package pdftex.def Info: media/report/bxplt_jaccard.pdf  used on input line 90.
(pdftex.def)             Requested size: 203.83417pt x 163.06584pt.
<media/report/Accuracy_plot.pdf, id=374, 722.7pt x 578.16pt>
File: media/report/Accuracy_plot.pdf Graphic file (type pdf)
<use media/report/Accuracy_plot.pdf>
Package pdftex.def Info: media/report/Accuracy_plot.pdf  used on input line 96.
(pdftex.def)             Requested size: 203.83417pt x 163.06584pt.

Underfull \hbox (badness 10000) in paragraph at lines 100--106

 []

<media/report/Budget_variation.pdf, id=375, 722.7pt x 578.16pt>
File: media/report/Budget_variation.pdf Graphic file (type pdf)
<use media/report/Budget_variation.pdf>
Package pdftex.def Info: media/report/Budget_variation.pdf  used on input line 113.
(pdftex.def)             Requested size: 362.37569pt x 289.89973pt.
) [17 <./media/report/bxplt_jaccard.pdf> <./media/report/Accuracy_plot.pdf

pdfTeX warning: pdflatex (file ./media/report/Accuracy_plot.pdf): PDF inclusion: multiple pdfs with page group included in a single page
> <./media/report/Budget_variation.pdf

pdfTeX warning: pdflatex (file ./media/report/Budget_variation.pdf): PDF inclusion: multiple pdfs with page group included in a single page
>]
\openout2 = `4N-dimensioni.aux'.

 (./4N-dimensioni.tex
Capitolo 4.

Underfull \hbox (badness 10000) in paragraph at lines 36--38

 []

[18




]
\c@immagine=\count461
<media/3Dproof/CuttingEdge/immagine1.png, id=522, 606.265pt x 606.265pt>
File: media/3Dproof/CuttingEdge/immagine1.png Graphic file (type png)
<use media/3Dproof/CuttingEdge/immagine1.png>
Package pdftex.def Info: media/3Dproof/CuttingEdge/immagine1.png  used on input line 76.
(pdftex.def)             Requested size: 90.5922pt x 90.58429pt.
<media/3Dproof/CuttingEdge/immagine2.png, id=524, 605.26125pt x 604.2575pt>
File: media/3Dproof/CuttingEdge/immagine2.png Graphic file (type png)
<use media/3Dproof/CuttingEdge/immagine2.png>
Package pdftex.def Info: media/3Dproof/CuttingEdge/immagine2.png  used on input line 76.
(pdftex.def)             Requested size: 90.5922pt x 90.44109pt.
<media/3Dproof/CuttingEdge/immagine3.png, id=525, 606.265pt x 606.265pt>
File: media/3Dproof/CuttingEdge/immagine3.png Graphic file (type png)
<use media/3Dproof/CuttingEdge/immagine3.png>
Package pdftex.def Info: media/3Dproof/CuttingEdge/immagine3.png  used on input line 76.
(pdftex.def)             Requested size: 90.5922pt x 90.58429pt.
<media/3Dproof/CuttingEdge/immagine4.png, id=526, 606.265pt x 605.26125pt>
File: media/3Dproof/CuttingEdge/immagine4.png Graphic file (type png)
<use media/3Dproof/CuttingEdge/immagine4.png>
Package pdftex.def Info: media/3Dproof/CuttingEdge/immagine4.png  used on input line 76.
(pdftex.def)             Requested size: 90.5922pt x 90.43431pt.
\c@img=\count462
<media/3Dproof/BoxCutting/immagine1.png, id=527, 607.26875pt x 607.26875pt>
File: media/3Dproof/BoxCutting/immagine1.png Graphic file (type png)
<use media/3Dproof/BoxCutting/immagine1.png>
Package pdftex.def Info: media/3Dproof/BoxCutting/immagine1.png  used on input line 87.
(pdftex.def)             Requested size: 90.5922pt x 90.586pt.
<media/3Dproof/BoxCutting/immagine2.png, id=528, 606.265pt x 605.26125pt>
File: media/3Dproof/BoxCutting/immagine2.png Graphic file (type png)
<use media/3Dproof/BoxCutting/immagine2.png>
Package pdftex.def Info: media/3Dproof/BoxCutting/immagine2.png  used on input line 87.
(pdftex.def)             Requested size: 90.5922pt x 90.43431pt.
<media/3Dproof/BoxCutting/immagine3.png, id=529, 605.26125pt x 607.26875pt>
File: media/3Dproof/BoxCutting/immagine3.png Graphic file (type png)
<use media/3Dproof/BoxCutting/immagine3.png>
Package pdftex.def Info: media/3Dproof/BoxCutting/immagine3.png  used on input line 87.
(pdftex.def)             Requested size: 90.5922pt x 90.89178pt.
<media/3Dproof/BoxCutting/immagine4.png, id=530, 605.26125pt x 604.2575pt>
File: media/3Dproof/BoxCutting/immagine4.png Graphic file (type png)
<use media/3Dproof/BoxCutting/immagine4.png>
Package pdftex.def Info: media/3Dproof/BoxCutting/immagine4.png  used on input line 87.
(pdftex.def)             Requested size: 90.5922pt x 90.44109pt.
) [19
pdfTeX warning (ext4): destination with the same identifier (name{figure.4.1}) has been already used, duplicate ignored
<argument> ...shipout:D \box_use:N \l_shipout_box 
                                                  \__shipout_drop_firstpage_...
l.55 \include{4N-dimensioni}
                            
pdfTeX warning (ext4): destination with the same identifier (name{figure.4.2}) has been already used, duplicate ignored
<argument> ...shipout:D \box_use:N \l_shipout_box 
                                                  \__shipout_drop_firstpage_...
l.55 \include{4N-dimensioni}
                             <./media/3Dproof/CuttingEdge/immagine1.png> <./media/3Dproof/CuttingEdge/immagine2.png> <./media/3Dproof/CuttingEdge/immagine3.png> <./media/3Dproof/CuttingEdge/immagine4.png> <./media/3Dproof/BoxCutting/immagine1.png> <./media/3Dproof/BoxCutting/immagine2.png> <./media/3Dproof/BoxCutting/immagine3.png> <./media/3Dproof/BoxCutting/immagine4.png>]
\openout2 = `5N-dim_analisi.aux'.

 (./5N-dim_analisi.tex
Capitolo 5.

Underfull \hbox (badness 10000) in paragraph at lines 4--12

 []

<media/report_ndim/ndim_jaccard.pdf, id=550, 722.7pt x 578.16pt>
File: media/report_ndim/ndim_jaccard.pdf Graphic file (type pdf)
<use media/report_ndim/ndim_jaccard.pdf>
Package pdftex.def Info: media/report_ndim/ndim_jaccard.pdf  used on input line 18.
(pdftex.def)             Requested size: 317.07614pt x 222.83228pt.
<media/report_ndim/ndim_accuracy_diff_CE.pdf, id=552, 722.7pt x 578.16pt>
File: media/report_ndim/ndim_accuracy_diff_CE.pdf Graphic file (type pdf)
<use media/report_ndim/ndim_accuracy_diff_CE.pdf>
Package pdftex.def Info: media/report_ndim/ndim_accuracy_diff_CE.pdf  used on input line 29.
(pdftex.def)             Requested size: 203.83417pt x 163.06584pt.
<media/report_ndim/ndim_accuracy_diff_BC.pdf, id=553, 722.7pt x 578.16pt>
File: media/report_ndim/ndim_accuracy_diff_BC.pdf Graphic file (type pdf)
<use media/report_ndim/ndim_accuracy_diff_BC.pdf>
Package pdftex.def Info: media/report_ndim/ndim_accuracy_diff_BC.pdf  used on input line 35.
(pdftex.def)             Requested size: 203.83417pt x 163.06584pt.
[20





pdfTeX warning (ext4): destination with the same identifier (name{figure.5.1}) has been already used, duplicate ignored
<argument> ...shipout:D \box_use:N \l_shipout_box 
                                                  \__shipout_drop_firstpage_...
l.38 \end{figure}
                  <./media/report_ndim/ndim_jaccard.pdf>]
<media/report_ndim/ndim_time.pdf, id=602, 722.7pt x 578.16pt>
File: media/report_ndim/ndim_time.pdf Graphic file (type pdf)
<use media/report_ndim/ndim_time.pdf>
Package pdftex.def Info: media/report_ndim/ndim_time.pdf  used on input line 47.
(pdftex.def)             Requested size: 317.07614pt x 253.65895pt.
<media/report_ndim/ndim_time_diff_CE.pdf, id=603, 722.7pt x 578.16pt>
File: media/report_ndim/ndim_time_diff_CE.pdf Graphic file (type pdf)
<use media/report_ndim/ndim_time_diff_CE.pdf>
Package pdftex.def Info: media/report_ndim/ndim_time_diff_CE.pdf  used on input line 59.
(pdftex.def)             Requested size: 203.83417pt x 163.06584pt.
<media/report_ndim/ndim_time_diff_BC.pdf, id=604, 722.7pt x 578.16pt>
File: media/report_ndim/ndim_time_diff_BC.pdf Graphic file (type pdf)
<use media/report_ndim/ndim_time_diff_BC.pdf>
Package pdftex.def Info: media/report_ndim/ndim_time_diff_BC.pdf  used on input line 65.
(pdftex.def)             Requested size: 203.83417pt x 163.06584pt.
 [21
pdfTeX warning (ext4): destination with the same identifier (name{figure.5.2}) has been already used, duplicate ignored
<argument> ...shipout:D \box_use:N \l_shipout_box 
                                                  \__shipout_drop_firstpage_...
l.69 
     
pdfTeX warning (ext4): destination with the same identifier (name{figure.5.3}) has been already used, duplicate ignored
<argument> ...shipout:D \box_use:N \l_shipout_box 
                                                  \__shipout_drop_firstpage_...
l.69 
      <./media/report_ndim/ndim_accuracy_diff_CE.pdf> <./media/report_ndim/ndim_accuracy_diff_BC.pdf

pdfTeX warning: pdflatex (file ./media/report_ndim/ndim_accuracy_diff_BC.pdf): PDF inclusion: multiple pdfs with page group included in a single page
> <./media/report_ndim/ndim_time.pdf

pdfTeX warning: pdflatex (file ./media/report_ndim/ndim_time.pdf): PDF inclusion: multiple pdfs with page group included in a single page
>]) [22 <./media/report_ndim/ndim_time_diff_CE.pdf> <./media/report_ndim/ndim_time_diff_BC.pdf

pdfTeX warning: pdflatex (file ./media/report_ndim/ndim_time_diff_BC.pdf): PDF inclusion: multiple pdfs with page group included in a single page
>]
\openout2 = `6Conclusioni.aux'.

 (./6Conclusioni.tex
Capitolo 6.

Underfull \hbox (badness 10000) in paragraph at lines 4--10

 []

) [23




] [24


] [25

] (./main.aux (./0Introduction.aux) (./1ContestoEMotivazione.aux) (./2AlgoritmiProposti.aux) (./3Analisi.aux) (./4N-dimensioni.aux) (./5N-dim_analisi.aux) (./6Conclusioni.aux))
 ***********
LaTeX2e <2023-11-01> patch level 1
L3 programming layer <2024-02-20>
 ***********
Package rerunfilecheck Info: File `main.out' has not changed.
(rerunfilecheck)             Checksum: 7927BBBFC48F9BE81411AA16B25D58B2;6944.
Package logreq Info: Writing requests to 'main.run.xml'.
\openout1 = `main.run.xml'.

 ) 
Here is how much of TeX's memory you used:
 31841 strings out of 474116
 612576 string characters out of 5743682
 1939187 words of memory out of 5000000
 53613 multiletter control sequences out of 15000+600000
 564083 words of font info for 56 fonts, out of 8000000 for 9000
 1141 hyphenation exceptions out of 8191
 99i,14n,101p,743b,1354s stack positions out of 10000i,1000n,20000p,200000b,200000s
</usr/local/texlive/2024/texmf-dist/fonts/type1/public/amsfonts/cm/cmbx12.pfb></usr/local/texlive/2024/texmf-dist/fonts/type1/public/amsfonts/cm/cmcsc10.pfb></usr/local/texlive/2024/texmf-dist/fonts/type1/public/amsfonts/cm/cmex10.pfb></usr/local/texlive/2024/texmf-dist/fonts/type1/public/amsfonts/cm/cmmi12.pfb></usr/local/texlive/2024/texmf-dist/fonts/type1/public/amsfonts/cm/cmmi8.pfb></usr/local/texlive/2024/texmf-dist/fonts/type1/public/amsfonts/cm/cmr12.pfb></usr/local/texlive/2024/texmf-dist/fonts/type1/public/amsfonts/cm/cmr8.pfb></usr/local/texlive/2024/texmf-dist/fonts/type1/public/amsfonts/cm/cmsy10.pfb></usr/local/texlive/2024/texmf-dist/fonts/type1/public/amsfonts/cm/cmti12.pfb></usr/local/texlive/2024/texmf-dist/fonts/type1/public/amsfonts/cm/cmtt12.pfb></usr/local/texlive/2024/texmf-dist/fonts/type1/public/cm-super/sfrm1200.pfb>
Output written on main.pdf (26 pages, 7446422 bytes).
PDF statistics:
 952 PDF objects out of 1000 (max. 8388607)
 412 compressed objects within 5 object streams
 87 named destinations out of 1000 (max. 500000)
 510 words of extra memory for PDF output out of 10000 (max. 10000000)

